Tue, 19 Jul 2022 08:04:07 GMT: successfully pushed image with reference bafybeickfbkzvc2j5fmeobrnoohsgpczmj3h2lxk6elqlgj4fakzodev6q@sha256:a4660700b7830a213210ecad8837b8420a8fee45801e75b9c98d0e20149307ce
Tue, 19 Jul 2022 10:00:37 GMT: successfully pushed image with reference bafybeie6rggpoihtwbxmhve43sjpbcpswlgkxlpjfyaamh655ahskojnwi@sha256:4ba79e59443322bf8061d231613de7a2db59bc4ec121adbfa155c2f4ab5f8af6
Mon, 19 Sep 2022 20:08:34 GMT: successfully pushed image with reference bafybeicu2bl36fozw6j5gi6qlx7nejqlifzymvqsi6tu4kv6wbwzrwj7vu@sha256:e15fa448b359b1be8e73a406f82f45b7a4c915524e043c24e3a00fad4b27311d
Mon, 31 Oct 2022 10:01:16 GMT: successfully pushed image with reference bafybeibvsmpsmebsgyjoe4g2llf67x6d7frijipg4al53hados3y765ml4@sha256:0c2b96c7ae9da45c548ee05ff6f969e753f8ec4bcb3b238d1dc9dc39ee4323ab
Mon, 31 Oct 2022 10:48:53 GMT: successfully pushed image with reference bafybeiavk4s4vfiz45vzhlpsy3uuzlgz2dwse2xkgqxmorepd7emgt7fji@sha256:4c988f300c5e4ef3c15fa7006a95b9497d4a1569856bdb57f0b8f5a824767626
Mon, 28 Nov 2022 17:40:39 GMT: successfully pushed image with reference bafybeihm6fzvhi2qdviqoj55r3fm4ph44zaec42f6wjbzp47leaf4tqkui@sha256:ec45113da300e79301466560433854f774723f7c74eb387286a42010b52ed301
Mon, 05 Dec 2022 14:52:54 GMT: successfully pushed image with reference bafybeiatfxyt72utye2var5na7qafha5k3qw4s2dzvtslvfm47gk6iregi@sha256:6e3fd630fadfafa556576e83a2bac795a5060250682ceb77e9f1743a8d1164b1
Tue, 06 Dec 2022 18:34:14 GMT: successfully pushed image with reference bafybeihremmrlwvvs5t3nblprrehuifajoc76axvwicrdwvfqlzvrwxnqa@sha256:c07ca53e5da0384e8ebf23a9429b79500ea7c75b8f0a75759e38e0699a30c076
Fri, 09 Dec 2022 09:29:57 GMT: successfully pushed image with reference bafybeic33yrfsznbj7uoiwegkrbggbf6lyy2lm7joz3b45ow26fkjhjqmi@sha256:e785558908805292480f2ae35c6a244c0fb790c230ece0c5757191fe05999d31
Fri, 09 Dec 2022 10:04:32 GMT: successfully pushed image with reference bafybeiaw2h5qk6b3eywr6jeept5ccx7nrw3rfg2txpusl2wi4jokbiphia@sha256:1dec82aca780eb0910c32819e577b0d4e6e9caf54fbd2f45a6bbf8658edb57f1
Fri, 09 Dec 2022 10:29:09 GMT: successfully pushed image with reference bafybeiggvkqdxr7tdcses6u2gjwnrju7clhzoxzdbtjzrt22guzqouz6wm@sha256:07a804e1227b427ec3c2f9c303554d0978106560d955a2c6c3ceed47b807e92f
Mon, 30 Jan 2023 12:43:52 GMT: successfully updated agent id 0xe8527df509859e531e58ba4154e9157eb6d9b2da202516a66ab120deabd3f9f6 with manifest QmZ9GsuYUZZ5tpsKXhTEaLWecQthQVdhJBQZ8t6BFYuebJ
Mon, 30 Jan 2023 20:55:16 GMT: successfully updated agent id 0xe8527df509859e531e58ba4154e9157eb6d9b2da202516a66ab120deabd3f9f6 with manifest QmcNQPjkPqgej8DRqnCLeq1mcDg132MgQmAPSeYVB47o1X
Wed, 08 Feb 2023 21:53:54 GMT: successfully updated agent id 0xe8527df509859e531e58ba4154e9157eb6d9b2da202516a66ab120deabd3f9f6 with manifest QmQ7WuWSbQw57MFcfGxfrcwLpyg8dzPJsTmMbRcvv4hNT9
Mon, 27 Feb 2023 20:05:02 GMT: successfully updated agent id 0xe8527df509859e531e58ba4154e9157eb6d9b2da202516a66ab120deabd3f9f6 with manifest QmTa23WXGfo4iTDWXWeBpVSkAs9TwF2FMZKEbQTYQCcnfc
Fri, 17 Mar 2023 16:59:51 GMT: successfully updated agent id 0xe8527df509859e531e58ba4154e9157eb6d9b2da202516a66ab120deabd3f9f6 with manifest QmaFuQLeVM4PHVAZdYVvzYjnbx494G5oK8UN9LUycbLfgQ
Fri, 17 Mar 2023 17:06:22 GMT: successfully updated agent id 0xe8527df509859e531e58ba4154e9157eb6d9b2da202516a66ab120deabd3f9f6 with manifest QmbJ1XzizEYNW8kd5xx25miNLeWAQvCsrXW3qz5QzFej7Y
Tue, 21 Mar 2023 12:23:50 GMT: successfully updated agent id 0xe8527df509859e531e58ba4154e9157eb6d9b2da202516a66ab120deabd3f9f6 with manifest QmYfvHaJZXuZfrsZeK45mEY9RBGoV5WQhznKe92F5WePiA
Tue, 11 Apr 2023 19:36:30 GMT: successfully updated agent id 0xe8527df509859e531e58ba4154e9157eb6d9b2da202516a66ab120deabd3f9f6 with manifest QmT2kCNqRVGbytSrG5WfzAXkhju8wngY9D98nSss5rAtHA
Sun, 16 Apr 2023 12:03:07 GMT: successfully updated agent id 0xe8527df509859e531e58ba4154e9157eb6d9b2da202516a66ab120deabd3f9f6 with manifest QmVjujaoqrCULa3bhTkdGT2YSXH4FgFPb5yPp77jqCavVf
